[2025-08-10 20:33:24.644] [INFO]  Agent Exo-Suit V4.0 'PERFECTION' - Emoji Sentinel Starting...
[2025-08-10 20:33:24.655] [INFO]  Validating system requirements...
[2025-08-10 20:33:24.816] [INFO]  Available memory: 63.64 GB
[2025-08-10 20:33:25.849] [INFO]  CPU cores: 16
[2025-08-10 20:33:25.859] [INFO]  Using specified scan path: C:\My Projects\Agent Exo-Suit\Project White Papers
[2025-08-10 20:33:25.868] [INFO]  System validation complete
[2025-08-10 20:33:25.874] [INFO]  Scan path: C:\My Projects\Agent Exo-Suit\Project White Papers
[2025-08-10 20:33:25.882] [INFO]  Configuration:
[2025-08-10 20:33:25.891] [INFO]    - Max file size: 10 MB
[2025-08-10 20:33:25.900] [INFO]    - Skip binary: False
[2025-08-10 20:33:25.913] [INFO]    - Parallel: False
[2025-08-10 20:33:25.919] [INFO]    - Verbose: True
[2025-08-10 20:33:25.932] [INFO]  Starting V4.0 Ultra-robust Emoji Scan...
[2025-08-10 20:33:25.940] [INFO]  Scan directory: C:\My Projects\Agent Exo-Suit\Project White Papers
[2025-08-10 20:33:25.947] [INFO]  Discovering files...
[2025-08-10 20:33:25.983] [INFO]  Found 6 files to scan
[2025-08-10 20:33:25.992] [INFO]  Using sequential processing...
[2025-08-10 20:33:26.196] [INFO]  Found 63 emojis in: QA_TESTING.md
[2025-08-10 20:33:26.421] [INFO]  Found 1 emojis in: TROUBLESHOOTING.md
[2025-08-10 20:33:26.452] [INFO]  Found 24 emojis in: USER_GUIDE_AUDIT_FIXES.md
[2025-08-10 20:33:26.553] [INFO]  Found 8 emojis in: USER_GUIDE.md
[2025-08-10 20:33:26.617] [INFO] 
 Emoji Scan Complete!
[2025-08-10 20:33:26.623] [INFO]  Duration: 0.6148776 seconds
[2025-08-10 20:33:26.630] [INFO]  Files scanned: 6
[2025-08-10 20:33:26.636] [INFO]  Files with emojis: 4
[2025-08-10 20:33:26.642] [INFO]  Total emojis found: 96
[2025-08-10 20:33:26.651] [INFO]  Report saved to: .\restore\EMOJI_REPORT.json
[2025-08-10 20:33:26.660] [INFO]  Text report: .\restore\EMOJI_REPORT.txt
[2025-08-10 20:33:26.675] [INFO]  V4.0 Emoji Sentinel completed successfully!
[2025-08-10 20:33:26.685] [INFO]  V4.0 Emoji Sentinel ready for production deployment!
[2025-08-10 22:01:12.355] [INFO]  Agent Exo-Suit V4.0 'PERFECTION' - Emoji Sentinel Starting...
[2025-08-10 22:01:12.367] [INFO]  Validating system requirements...
[2025-08-10 22:01:12.533] [INFO]  Available memory: 63.64 GB
[2025-08-10 22:01:13.568] [INFO]  CPU cores: 16
[2025-08-10 22:01:13.574] [INFO]  Using specified scan path: C:\My Projects\Agent Exo-Suit\Project White Papers
[2025-08-10 22:01:13.577] [INFO]  System validation complete
[2025-08-10 22:01:13.578] [INFO]  Scan path: C:\My Projects\Agent Exo-Suit\Project White Papers
[2025-08-10 22:01:13.580] [INFO]  Configuration:
[2025-08-10 22:01:13.582] [INFO]    - Max file size: 10 MB
[2025-08-10 22:01:13.585] [INFO]    - Skip binary: False
[2025-08-10 22:01:13.601] [INFO]    - Parallel: False
[2025-08-10 22:01:13.603] [INFO]    - Verbose: True
[2025-08-10 22:01:13.613] [INFO]  Starting V4.0 Ultra-robust Emoji Scan...
[2025-08-10 22:01:13.615] [INFO]  Scan directory: C:\My Projects\Agent Exo-Suit\Project White Papers
[2025-08-10 22:01:13.617] [INFO]  Discovering files...
[2025-08-10 22:01:13.641] [INFO]  Skipping large file: symbol-index-v4.json (130.07 MB)
[2025-08-10 22:01:13.652] [INFO]  Found 9 files to scan
[2025-08-10 22:01:13.654] [INFO]  Using sequential processing...
[2025-08-10 22:01:13.752] [INFO]  Found 16 emojis in: EMOJI_CLEANUP_AUDIT_REPORT.md
