2025-08-11 14:39:20,161 - INFO - Loading faiss with AVX2 support.
2025-08-11 14:39:20,178 - INFO - Successfully loaded faiss with AVX2 support.
2025-08-11 14:39:20,181 - INFO - Failed to load GPU Faiss: name 'GpuIndexIVFFlat' is not defined. Will not load constructor refs for GPU indexes. This is only an error if you're trying to use GPU Faiss.
2025-08-11 14:39:20,203 - INFO - Detecting system devices...
2025-08-11 14:39:20,225 - INFO - CPU detected: Intel64 Family 6 Model 186 Stepping 2, GenuineIntel (AMD64) with 16 cores
2025-08-11 14:39:20,226 - INFO - GPU detected: NVIDIA GeForce RTX 4070 Laptop GPU with 8.0GB VRAM
2025-08-11 14:39:20,226 - INFO - Device detection complete - CPU: True, GPU: True
2025-08-11 14:39:20,226 - INFO - Analyzing system capabilities...
2025-08-11 14:39:20,226 - INFO - System analysis complete - Recommended mode: hybrid
2025-08-11 14:39:20,226 - INFO - Device manager initialized
2025-08-11 14:39:20,227 - INFO - Load pretrained SentenceTransformer: all-MiniLM-L6-v2
2025-08-11 14:39:20,969 - INFO - CPU model initialized
2025-08-11 14:39:20,970 - INFO - Load pretrained SentenceTransformer: all-MiniLM-L6-v2
2025-08-11 14:39:21,536 - INFO - GPU model initialized
2025-08-11 14:39:21,537 - INFO - RAM disk created at: C:\Users\screw\AppData\Local\Temp\ramdisk_49tst74u
2025-08-11 14:39:21,538 - INFO - Processing 1 files with hybrid processing...
2025-08-11 14:39:21,538 - INFO - Starting 4 processing workers...
2025-08-11 14:39:21,539 - INFO - Processing worker 0 started
2025-08-11 14:39:21,539 - INFO - Processing worker 1 started
2025-08-11 14:39:21,540 - INFO - Processing worker 2 started
2025-08-11 14:39:21,540 - INFO - Processing worker 3 started
2025-08-11 14:39:21,540 - INFO - Processing workers started
2025-08-11 14:39:21,540 - INFO - Processing batch 1/1 (1 files)
2025-08-11 14:39:21,703 - INFO - Stopping processing workers...
2025-08-11 14:39:22,540 - INFO - Processing worker 1 stopped
2025-08-11 14:39:22,540 - INFO - Processing worker 2 stopped
2025-08-11 14:39:22,541 - INFO - Processing worker 3 stopped
2025-08-11 14:39:22,700 - INFO - Processing worker 0 stopped
2025-08-11 14:39:22,702 - INFO - Processing workers stopped
2025-08-11 14:39:22,702 - INFO - Processing completed. 1 results generated.
2025-08-11 14:39:22,702 - INFO - FAISS index built with 1 vectors
2025-08-11 14:39:22,723 - INFO - Cleaning up hybrid RAG processor...
2025-08-11 14:39:22,723 - INFO - Stopping processing workers...
2025-08-11 14:39:22,723 - INFO - Processing workers stopped
2025-08-11 14:39:22,723 - INFO - RAM disk cleaned up
2025-08-11 14:39:22,724 - INFO - Performing memory cleanup...
2025-08-11 14:39:23,404 - INFO - Memory cleanup completed
2025-08-11 14:39:23,405 - INFO - Cleanup completed
2025-08-11 14:39:37,677 - INFO - Loading faiss with AVX2 support.
2025-08-11 14:39:37,692 - INFO - Successfully loaded faiss with AVX2 support.
2025-08-11 14:39:37,696 - INFO - Failed to load GPU Faiss: name 'GpuIndexIVFFlat' is not defined. Will not load constructor refs for GPU indexes. This is only an error if you're trying to use GPU Faiss.
2025-08-11 14:39:37,715 - INFO - Detecting system devices...
2025-08-11 14:39:37,730 - INFO - CPU detected: Intel64 Family 6 Model 186 Stepping 2, GenuineIntel (AMD64) with 16 cores
2025-08-11 14:39:37,730 - INFO - GPU detected: NVIDIA GeForce RTX 4070 Laptop GPU with 8.0GB VRAM
2025-08-11 14:39:37,730 - INFO - Device detection complete - CPU: True, GPU: True
2025-08-11 14:39:37,730 - INFO - Analyzing system capabilities...
2025-08-11 14:39:37,731 - INFO - System analysis complete - Recommended mode: hybrid
2025-08-11 14:39:37,731 - INFO - Device manager initialized
2025-08-11 14:39:37,733 - INFO - Load pretrained SentenceTransformer: all-MiniLM-L6-v2
2025-08-11 14:39:38,623 - INFO - CPU model initialized
2025-08-11 14:39:38,624 - INFO - Load pretrained SentenceTransformer: all-MiniLM-L6-v2
2025-08-11 14:39:39,213 - INFO - GPU model initialized
2025-08-11 14:39:39,214 - INFO - RAM disk created at: C:\Users\screw\AppData\Local\Temp\ramdisk_da_qymld
2025-08-11 14:39:39,215 - INFO - Processing 3 files with hybrid processing...
2025-08-11 14:39:39,215 - INFO - Starting 4 processing workers...
2025-08-11 14:39:39,216 - INFO - Processing worker 0 started
2025-08-11 14:39:39,216 - INFO - Processing worker 1 started
2025-08-11 14:39:39,217 - INFO - Processing worker 2 started
2025-08-11 14:39:39,217 - INFO - Processing worker 3 started
2025-08-11 14:39:39,217 - INFO - Processing workers started
2025-08-11 14:39:39,217 - INFO - Processing batch 1/1 (3 files)
2025-08-11 14:39:39,436 - INFO - Stopping processing workers...
2025-08-11 14:39:40,218 - INFO - Processing worker 3 stopped
2025-08-11 14:39:40,413 - INFO - Processing worker 2 stopped
2025-08-11 14:39:40,421 - INFO - Processing worker 0 stopped
2025-08-11 14:39:40,432 - INFO - Processing worker 1 stopped
2025-08-11 14:39:40,433 - INFO - Processing workers stopped
2025-08-11 14:39:40,433 - INFO - Processing completed. 3 results generated.
2025-08-11 14:39:40,433 - INFO - FAISS index built with 3 vectors
2025-08-11 14:39:40,452 - INFO - Cleaning up hybrid RAG processor...
2025-08-11 14:39:40,453 - INFO - Stopping processing workers...
2025-08-11 14:39:40,453 - INFO - Processing workers stopped
2025-08-11 14:39:40,453 - INFO - RAM disk cleaned up
2025-08-11 14:39:40,453 - INFO - Performing memory cleanup...
2025-08-11 14:39:41,114 - INFO - Memory cleanup completed
2025-08-11 14:39:41,115 - INFO - Cleanup completed
2025-08-11 16:26:42,835 - INFO - Loading faiss with AVX2 support.
2025-08-11 16:26:42,853 - INFO - Successfully loaded faiss with AVX2 support.
2025-08-11 16:26:42,857 - INFO - Failed to load GPU Faiss: name 'GpuIndexIVFFlat' is not defined. Will not load constructor refs for GPU indexes. This is only an error if you're trying to use GPU Faiss.
2025-08-11 16:26:42,875 - INFO - Detecting system devices...
2025-08-11 16:26:42,903 - INFO - CPU detected: Intel64 Family 6 Model 186 Stepping 2, GenuineIntel (AMD64) with 16 cores
2025-08-11 16:26:42,904 - INFO - GPU detected: NVIDIA GeForce RTX 4070 Laptop GPU with 8.0GB VRAM
2025-08-11 16:26:42,905 - INFO - Device detection complete - CPU: True, GPU: True
2025-08-11 16:26:42,906 - INFO - Analyzing system capabilities...
2025-08-11 16:26:42,906 - INFO - System analysis complete - Recommended mode: hybrid
2025-08-11 16:26:42,906 - INFO - Device manager initialized
2025-08-11 16:26:42,907 - INFO - Load pretrained SentenceTransformer: all-MiniLM-L6-v2
2025-08-11 16:26:43,710 - INFO - CPU model initialized
2025-08-11 16:26:43,712 - INFO - Load pretrained SentenceTransformer: all-MiniLM-L6-v2
2025-08-11 16:26:44,307 - INFO - GPU model initialized
2025-08-11 16:26:44,311 - INFO - RAM disk created at: C:\Users\screw\AppData\Local\Temp\ramdisk_nm4qfdnl
2025-08-11 16:29:28,868 - INFO - Loading faiss with AVX2 support.
2025-08-11 16:29:28,884 - INFO - Successfully loaded faiss with AVX2 support.
2025-08-11 16:29:28,887 - INFO - Failed to load GPU Faiss: name 'GpuIndexIVFFlat' is not defined. Will not load constructor refs for GPU indexes. This is only an error if you're trying to use GPU Faiss.
2025-08-11 16:29:52,761 - INFO - Loading faiss with AVX2 support.
2025-08-11 16:29:52,783 - INFO - Successfully loaded faiss with AVX2 support.
2025-08-11 16:29:52,788 - INFO - Failed to load GPU Faiss: name 'GpuIndexIVFFlat' is not defined. Will not load constructor refs for GPU indexes. This is only an error if you're trying to use GPU Faiss.
2025-08-11 16:29:52,812 - INFO - Detecting system devices...
2025-08-11 16:29:52,839 - INFO - CPU detected: Intel64 Family 6 Model 186 Stepping 2, GenuineIntel (AMD64) with 16 cores
2025-08-11 16:29:52,840 - INFO - GPU detected: NVIDIA GeForce RTX 4070 Laptop GPU with 8.0GB VRAM
2025-08-11 16:29:52,841 - INFO - Device detection complete - CPU: True, GPU: True
2025-08-11 16:29:52,842 - INFO - Analyzing system capabilities...
2025-08-11 16:29:52,842 - INFO - System analysis complete - Recommended mode: hybrid
2025-08-11 16:29:52,842 - INFO - Device manager initialized
2025-08-11 16:29:52,843 - INFO - Load pretrained SentenceTransformer: all-MiniLM-L6-v2
2025-08-11 16:29:53,803 - INFO - CPU model initialized
2025-08-11 16:29:53,805 - INFO - Load pretrained SentenceTransformer: all-MiniLM-L6-v2
2025-08-11 16:29:54,551 - INFO - GPU model initialized
2025-08-11 16:29:54,552 - INFO - RAM disk created at: C:\Users\screw\AppData\Local\Temp\ramdisk_vijyylxj
2025-08-11 16:29:54,559 - INFO - Processing 50 files with hybrid processing...
2025-08-11 16:29:54,559 - INFO - Starting 4 processing workers...
2025-08-11 16:29:54,562 - INFO - Processing worker 0 started
2025-08-11 16:29:54,562 - INFO - Processing worker 1 started
2025-08-11 16:29:54,563 - INFO - Processing worker 2 started
2025-08-11 16:29:54,563 - INFO - Processing worker 3 started
2025-08-11 16:29:54,563 - INFO - Processing workers started
2025-08-11 16:29:54,564 - INFO - Processing batch 1/1 (50 files)
2025-08-11 16:29:56,060 - INFO - Stopping processing workers...
2025-08-11 16:29:57,011 - INFO - Processing worker 2 stopped
2025-08-11 16:29:57,029 - INFO - Processing worker 0 stopped
2025-08-11 16:29:57,041 - INFO - Processing worker 3 stopped
2025-08-11 16:29:57,055 - INFO - Processing worker 1 stopped
2025-08-11 16:29:57,057 - INFO - Processing workers stopped
2025-08-11 16:29:57,057 - INFO - Processing completed. 50 results generated.
2025-08-11 16:29:57,062 - INFO - Cleaning up hybrid RAG processor...
2025-08-11 16:29:57,063 - INFO - Stopping processing workers...
2025-08-11 16:29:57,063 - INFO - Processing workers stopped
2025-08-11 16:29:57,063 - INFO - RAM disk cleaned up
2025-08-11 16:29:57,064 - INFO - Performing memory cleanup...
2025-08-11 16:29:57,897 - INFO - Memory cleanup completed
2025-08-11 16:29:57,903 - INFO - Cleanup completed
2025-08-11 16:30:15,626 - INFO - Loading faiss with AVX2 support.
2025-08-11 16:30:15,643 - INFO - Successfully loaded faiss with AVX2 support.
2025-08-11 16:30:15,646 - INFO - Failed to load GPU Faiss: name 'GpuIndexIVFFlat' is not defined. Will not load constructor refs for GPU indexes. This is only an error if you're trying to use GPU Faiss.
2025-08-11 16:30:39,850 - INFO - Loading faiss with AVX2 support.
2025-08-11 16:30:39,871 - INFO - Successfully loaded faiss with AVX2 support.
2025-08-11 16:30:39,874 - INFO - Failed to load GPU Faiss: name 'GpuIndexIVFFlat' is not defined. Will not load constructor refs for GPU indexes. This is only an error if you're trying to use GPU Faiss.
2025-08-11 16:30:39,893 - INFO - Detecting system devices...
2025-08-11 16:30:39,921 - INFO - CPU detected: Intel64 Family 6 Model 186 Stepping 2, GenuineIntel (AMD64) with 16 cores
2025-08-11 16:30:39,922 - INFO - GPU detected: NVIDIA GeForce RTX 4070 Laptop GPU with 8.0GB VRAM
2025-08-11 16:30:39,922 - INFO - Device detection complete - CPU: True, GPU: True
2025-08-11 16:30:39,922 - INFO - Analyzing system capabilities...
2025-08-11 16:30:39,922 - INFO - System analysis complete - Recommended mode: hybrid
2025-08-11 16:30:39,922 - INFO - Device manager initialized
2025-08-11 16:30:39,924 - INFO - Load pretrained SentenceTransformer: all-MiniLM-L6-v2
2025-08-11 16:30:40,688 - INFO - CPU model initialized
2025-08-11 16:30:40,695 - INFO - Load pretrained SentenceTransformer: all-MiniLM-L6-v2
2025-08-11 16:30:41,333 - INFO - GPU model initialized
2025-08-11 16:30:41,340 - INFO - RAM disk created at: C:\Users\screw\AppData\Local\Temp\ramdisk_teh08x31
2025-08-11 16:30:41,346 - INFO - Processing 200 files with hybrid processing...
2025-08-11 16:30:41,346 - INFO - Starting 4 processing workers...
2025-08-11 16:30:41,347 - INFO - Processing worker 0 started
2025-08-11 16:30:41,348 - INFO - Processing worker 1 started
2025-08-11 16:30:41,348 - INFO - Processing worker 2 started
2025-08-11 16:30:41,349 - INFO - Processing worker 3 started
2025-08-11 16:30:41,349 - INFO - Processing workers started
2025-08-11 16:30:41,349 - INFO - Processing batch 1/2 (128 files)
2025-08-11 16:30:44,827 - INFO - Processing batch 2/2 (72 files)
2025-08-11 16:30:46,920 - INFO - Stopping processing workers...
2025-08-11 16:30:47,875 - INFO - Processing worker 0 stopped
2025-08-11 16:30:47,890 - INFO - Processing worker 2 stopped
2025-08-11 16:30:47,902 - INFO - Processing worker 1 stopped
2025-08-11 16:30:47,920 - INFO - Processing worker 3 stopped
2025-08-11 16:30:47,921 - INFO - Processing workers stopped
2025-08-11 16:30:47,922 - INFO - Processing completed. 200 results generated.
2025-08-11 16:30:47,928 - INFO - Cleaning up hybrid RAG processor...
2025-08-11 16:30:47,928 - INFO - Stopping processing workers...
2025-08-11 16:30:47,928 - INFO - Processing workers stopped
2025-08-11 16:30:47,928 - INFO - RAM disk cleaned up
2025-08-11 16:30:47,929 - INFO - Performing memory cleanup...
2025-08-11 16:30:48,734 - INFO - Memory cleanup completed
2025-08-11 16:30:48,740 - INFO - Cleanup completed
2025-08-11 16:32:49,062 - INFO - Loading faiss with AVX2 support.
2025-08-11 16:32:49,078 - INFO - Successfully loaded faiss with AVX2 support.
2025-08-11 16:32:49,082 - INFO - Failed to load GPU Faiss: name 'GpuIndexIVFFlat' is not defined. Will not load constructor refs for GPU indexes. This is only an error if you're trying to use GPU Faiss.
2025-08-11 16:33:12,768 - INFO - Loading faiss with AVX2 support.
2025-08-11 16:33:12,789 - INFO - Successfully loaded faiss with AVX2 support.
2025-08-11 16:33:12,793 - INFO - Failed to load GPU Faiss: name 'GpuIndexIVFFlat' is not defined. Will not load constructor refs for GPU indexes. This is only an error if you're trying to use GPU Faiss.
2025-08-11 16:33:12,814 - INFO - Detecting system devices...
2025-08-11 16:33:12,831 - INFO - CPU detected: Intel64 Family 6 Model 186 Stepping 2, GenuineIntel (AMD64) with 16 cores
2025-08-11 16:33:12,832 - INFO - GPU detected: NVIDIA GeForce RTX 4070 Laptop GPU with 8.0GB VRAM
2025-08-11 16:33:12,832 - INFO - Device detection complete - CPU: True, GPU: True
2025-08-11 16:33:12,832 - INFO - Analyzing system capabilities...
2025-08-11 16:33:12,832 - INFO - System analysis complete - Recommended mode: hybrid
2025-08-11 16:33:12,832 - INFO - Device manager initialized
2025-08-11 16:33:12,833 - INFO - Load pretrained SentenceTransformer: all-MiniLM-L6-v2
2025-08-11 16:33:13,569 - INFO - CPU model initialized
2025-08-11 16:33:13,576 - INFO - Load pretrained SentenceTransformer: all-MiniLM-L6-v2
2025-08-11 16:33:14,202 - INFO - GPU model initialized
2025-08-11 16:33:14,209 - INFO - RAM disk created at: C:\Users\screw\AppData\Local\Temp\ramdisk_cv7gy0b0
2025-08-11 16:33:14,215 - INFO - Processing 100 files with hybrid processing...
2025-08-11 16:33:14,216 - INFO - Starting 4 processing workers...
2025-08-11 16:33:14,217 - INFO - Processing worker 0 started
2025-08-11 16:33:14,217 - INFO - Processing worker 1 started
2025-08-11 16:33:14,217 - INFO - Processing worker 2 started
2025-08-11 16:33:14,218 - INFO - Processing worker 3 started
2025-08-11 16:33:14,218 - INFO - Processing workers started
2025-08-11 16:33:14,218 - INFO - Processing batch 1/1 (100 files)
2025-08-11 16:33:16,945 - INFO - Stopping processing workers...
2025-08-11 16:33:17,903 - INFO - Processing worker 2 stopped
2025-08-11 16:33:17,915 - INFO - Processing worker 0 stopped
2025-08-11 16:33:17,928 - INFO - Processing worker 3 stopped
2025-08-11 16:33:17,941 - INFO - Processing worker 1 stopped
2025-08-11 16:33:17,943 - INFO - Processing workers stopped
2025-08-11 16:33:17,943 - INFO - Processing completed. 100 results generated.
2025-08-11 16:33:17,949 - INFO - Cleaning up hybrid RAG processor...
2025-08-11 16:33:17,949 - INFO - Stopping processing workers...
2025-08-11 16:33:17,950 - INFO - Processing workers stopped
2025-08-11 16:33:17,950 - INFO - RAM disk cleaned up
2025-08-11 16:33:17,950 - INFO - Performing memory cleanup...
2025-08-11 16:33:18,703 - INFO - Memory cleanup completed
2025-08-11 16:33:18,710 - INFO - Cleanup completed
2025-08-11 16:33:40,614 - INFO - Loading faiss with AVX2 support.
2025-08-11 16:33:40,631 - INFO - Successfully loaded faiss with AVX2 support.
2025-08-11 16:33:40,634 - INFO - Failed to load GPU Faiss: name 'GpuIndexIVFFlat' is not defined. Will not load constructor refs for GPU indexes. This is only an error if you're trying to use GPU Faiss.
2025-08-11 16:34:04,277 - INFO - Loading faiss with AVX2 support.
2025-08-11 16:34:04,300 - INFO - Successfully loaded faiss with AVX2 support.
2025-08-11 16:34:04,303 - INFO - Failed to load GPU Faiss: name 'GpuIndexIVFFlat' is not defined. Will not load constructor refs for GPU indexes. This is only an error if you're trying to use GPU Faiss.
2025-08-11 16:34:04,322 - INFO - Detecting system devices...
2025-08-11 16:34:04,353 - INFO - CPU detected: Intel64 Family 6 Model 186 Stepping 2, GenuineIntel (AMD64) with 16 cores
2025-08-11 16:34:04,354 - INFO - GPU detected: NVIDIA GeForce RTX 4070 Laptop GPU with 8.0GB VRAM
2025-08-11 16:34:04,354 - INFO - Device detection complete - CPU: True, GPU: True
2025-08-11 16:34:04,354 - INFO - Analyzing system capabilities...
2025-08-11 16:34:04,354 - INFO - System analysis complete - Recommended mode: hybrid
2025-08-11 16:34:04,354 - INFO - Device manager initialized
2025-08-11 16:34:04,355 - INFO - Load pretrained SentenceTransformer: all-MiniLM-L6-v2
2025-08-11 16:34:05,231 - INFO - CPU model initialized
2025-08-11 16:34:05,239 - INFO - Load pretrained SentenceTransformer: all-MiniLM-L6-v2
2025-08-11 16:34:05,878 - INFO - GPU model initialized
2025-08-11 16:34:05,885 - INFO - RAM disk created at: C:\Users\screw\AppData\Local\Temp\ramdisk_taky35_8
2025-08-11 16:34:05,890 - INFO - Processing 500 files with hybrid processing...
2025-08-11 16:34:05,890 - INFO - Starting 4 processing workers...
2025-08-11 16:34:05,891 - INFO - Processing worker 0 started
2025-08-11 16:34:05,891 - INFO - Processing worker 1 started
2025-08-11 16:34:05,892 - INFO - Processing worker 2 started
2025-08-11 16:34:05,892 - INFO - Processing worker 3 started
2025-08-11 16:34:05,892 - INFO - Processing workers started
2025-08-11 16:34:05,893 - INFO - Processing batch 1/4 (128 files)
2025-08-11 16:34:09,401 - INFO - Processing batch 2/4 (128 files)
2025-08-11 16:34:12,935 - INFO - Processing batch 3/4 (128 files)
2025-08-11 16:34:16,847 - INFO - Processing batch 4/4 (116 files)
2025-08-11 16:34:20,144 - INFO - Stopping processing workers...
2025-08-11 16:34:21,097 - INFO - Processing worker 1 stopped
2025-08-11 16:34:21,111 - INFO - Processing worker 3 stopped
2025-08-11 16:34:21,127 - INFO - Processing worker 0 stopped
2025-08-11 16:34:21,140 - INFO - Processing worker 2 stopped
2025-08-11 16:34:21,141 - INFO - Processing workers stopped
2025-08-11 16:34:21,142 - INFO - Processing completed. 500 results generated.
2025-08-11 16:34:21,148 - INFO - Cleaning up hybrid RAG processor...
2025-08-11 16:34:21,148 - INFO - Stopping processing workers...
2025-08-11 16:34:21,148 - INFO - Processing workers stopped
2025-08-11 16:34:21,149 - INFO - RAM disk cleaned up
2025-08-11 16:34:21,149 - INFO - Performing memory cleanup...
2025-08-11 16:34:21,939 - INFO - Memory cleanup completed
2025-08-11 16:34:21,945 - INFO - Cleanup completed
2025-08-11 16:34:36,749 - INFO - Loading faiss with AVX2 support.
2025-08-11 16:34:36,764 - INFO - Successfully loaded faiss with AVX2 support.
2025-08-11 16:34:36,768 - INFO - Failed to load GPU Faiss: name 'GpuIndexIVFFlat' is not defined. Will not load constructor refs for GPU indexes. This is only an error if you're trying to use GPU Faiss.
2025-08-11 16:35:00,680 - INFO - Loading faiss with AVX2 support.
2025-08-11 16:35:00,702 - INFO - Successfully loaded faiss with AVX2 support.
2025-08-11 16:35:00,706 - INFO - Failed to load GPU Faiss: name 'GpuIndexIVFFlat' is not defined. Will not load constructor refs for GPU indexes. This is only an error if you're trying to use GPU Faiss.
2025-08-11 16:35:00,723 - INFO - Detecting system devices...
2025-08-11 16:35:00,755 - INFO - CPU detected: Intel64 Family 6 Model 186 Stepping 2, GenuineIntel (AMD64) with 16 cores
2025-08-11 16:35:00,755 - INFO - GPU detected: NVIDIA GeForce RTX 4070 Laptop GPU with 8.0GB VRAM
2025-08-11 16:35:00,755 - INFO - Device detection complete - CPU: True, GPU: True
2025-08-11 16:35:00,755 - INFO - Analyzing system capabilities...
2025-08-11 16:35:00,755 - INFO - System analysis complete - Recommended mode: hybrid
2025-08-11 16:35:00,756 - INFO - Device manager initialized
2025-08-11 16:35:00,757 - INFO - Load pretrained SentenceTransformer: all-MiniLM-L6-v2
2025-08-11 16:35:01,655 - INFO - CPU model initialized
2025-08-11 16:35:01,662 - INFO - Load pretrained SentenceTransformer: all-MiniLM-L6-v2
2025-08-11 16:35:02,251 - INFO - GPU model initialized
2025-08-11 16:35:02,258 - INFO - RAM disk created at: C:\Users\screw\AppData\Local\Temp\ramdisk_vu6byqgz
2025-08-11 16:35:02,269 - INFO - Processing 1000 files with hybrid processing...
2025-08-11 16:35:02,269 - INFO - Starting 4 processing workers...
2025-08-11 16:35:02,270 - INFO - Processing worker 0 started
2025-08-11 16:35:02,270 - INFO - Processing worker 1 started
2025-08-11 16:35:02,270 - INFO - Processing worker 2 started
2025-08-11 16:35:02,271 - INFO - Processing worker 3 started
2025-08-11 16:35:02,271 - INFO - Processing workers started
2025-08-11 16:35:02,271 - INFO - Processing batch 1/8 (128 files)
2025-08-11 16:35:05,918 - INFO - Processing batch 2/8 (128 files)
2025-08-11 16:35:09,486 - INFO - Processing batch 3/8 (128 files)
2025-08-11 16:35:13,334 - INFO - Processing batch 4/8 (128 files)
2025-08-11 16:35:17,119 - INFO - Processing batch 5/8 (128 files)
2025-08-11 16:35:20,917 - INFO - Processing batch 6/8 (128 files)
2025-08-11 16:35:24,750 - INFO - Stopping processing workers...
2025-08-11 16:35:25,704 - INFO - Processing worker 1 stopped
2025-08-11 16:35:25,727 - INFO - Processing worker 2 stopped
2025-08-11 16:35:25,738 - INFO - Processing worker 3 stopped
2025-08-11 16:35:25,751 - INFO - Processing worker 0 stopped
2025-08-11 16:35:25,753 - INFO - Processing workers stopped
