[08:10:21.038] [Info]  Agent Exo-Suit V4.0 'PERFECTION' - Project Health Scanner Starting...
[08:10:21.039] [Info]  Validating system requirements...
[08:10:21.069] [Warning]  npm not found in PATH
[08:10:21.076] [Info]  No specific actions specified, running all checks
[08:10:21.077] [Info]  Building comprehensive ownership map...
[08:10:21.084] [Info]  Ownership data saved: health_report.json\ownership.json
[08:10:21.085] [Info]  Found 0 ownership entries
[08:10:21.086] [Info]  Analyzing lock file freshness...
[08:10:21.088] [Info]  Lock file freshness data saved: health_report.json\lock_age.json
[08:10:21.088] [Info]  Analyzed 1 lock files
[08:10:21.089] [Info]  Generating comprehensive SBOMs...
[08:10:21.091] [Info]  Generating Python SBOM...
[08:10:22.501] [Info]  Python SBOM generated with cyclonedx-py
[08:10:22.503] [Info]  SBOM generation complete
[08:10:22.504] [Info]  Generated: 1, Failed: 0
[08:10:22.506] [Info]  V4.0 Project Health Scanner completed successfully!
[08:10:22.506] [Info]  Duration: 1.4283052 seconds
[08:10:22.507] [Info]  Report saved to: health_report.json\health_scan_v4_report.json
[08:10:22.508] [Info]  V4.0 Project Health Scanner ready for production deployment!
[13:11:23.698] [Info]  Agent Exo-Suit V4.0 'PERFECTION' - Project Health Scanner Starting...
[13:11:23.703] [Info]  Validating system requirements...
[13:11:23.767] [Warning]  npm not found in PATH
[13:11:23.775] [Info]  No specific actions specified, running all checks
[13:11:23.781] [Info]  Building comprehensive ownership map...
[13:11:23.784] [Info]  Ownership data saved: health_report.json\ownership.json
[13:11:23.785] [Info]  Found 0 ownership entries
[13:11:23.798] [Info]  Analyzing lock file freshness...
[13:11:23.805] [Info]  Lock file freshness data saved: health_report.json\lock_age.json
[13:11:23.806] [Info]  Analyzed 1 lock files
[13:11:23.810] [Info]  Generating comprehensive SBOMs...
[13:11:23.812] [Info]  Generating Python SBOM...
[13:11:25.346] [Info]  Python SBOM generated with cyclonedx-py
[13:11:25.351] [Info]  SBOM generation complete
[13:11:25.352] [Info]  Generated: 1, Failed: 0
[13:11:25.355] [Info]  V4.0 Project Health Scanner completed successfully!
[13:11:25.356] [Info]  Duration: 1.5767467 seconds
[13:11:25.356] [Info]  Report saved to: health_report.json\health_scan_v4_report.json
[13:11:25.358] [Info]  V4.0 Project Health Scanner ready for production deployment!
[13:17:53.855] [Info]  Agent Exo-Suit V4.0 'PERFECTION' - Project Health Scanner Starting...
[13:17:53.857] [Info]  Validating system requirements...
[13:17:53.906] [Warning]  npm not found in PATH
[13:17:53.913] [Info]  No specific actions specified, running all checks
[13:17:53.915] [Info]  Building comprehensive ownership map...
[13:17:53.917] [Info]  Ownership data saved: health_report.json\ownership.json
[13:17:53.918] [Info]  Found 0 ownership entries
[13:17:53.920] [Info]  Analyzing lock file freshness...
[13:17:53.922] [Info]  Lock file freshness data saved: health_report.json\lock_age.json
[13:17:53.924] [Info]  Analyzed 1 lock files
[13:17:53.925] [Info]  Generating comprehensive SBOMs...
[13:17:53.927] [Info]  Generating Python SBOM...
[13:17:55.255] [Info]  Python SBOM generated with cyclonedx-py
[13:17:55.257] [Info]  SBOM generation complete
[13:17:55.258] [Info]  Generated: 1, Failed: 0
[13:17:55.259] [Info]  V4.0 Project Health Scanner completed successfully!
[13:17:55.260] [Info]  Duration: 1.3438043 seconds
[13:17:55.261] [Info]  Report saved to: health_report.json\health_scan_v4_report.json
[13:17:55.262] [Info]  V4.0 Project Health Scanner ready for production deployment!
[13:23:08.957] [Info]  Agent Exo-Suit V4.0 'PERFECTION' - Project Health Scanner Starting...
[13:23:08.963] [Info]  Validating system requirements...
[13:23:09.025] [Warning]  npm not found in PATH
[13:23:09.037] [Info]  No specific actions specified, running all checks
[13:23:09.044] [Info]  Building comprehensive ownership map...
[13:23:09.048] [Info]  Ownership data saved: health_report.json\ownership.json
[13:23:09.050] [Info]  Found 0 ownership entries
[13:23:09.053] [Info]  Analyzing lock file freshness...
[13:23:09.060] [Info]  Lock file freshness data saved: health_report.json\lock_age.json
[13:23:09.061] [Info]  Analyzed 1 lock files
[13:23:09.065] [Info]  Generating comprehensive SBOMs...
[13:23:09.067] [Info]  Generating Python SBOM...
[13:23:10.526] [Info]  Python SBOM generated with cyclonedx-py
[13:23:10.531] [Info]  SBOM generation complete
[13:23:10.532] [Info]  Generated: 1, Failed: 0
[13:23:10.535] [Info]  V4.0 Project Health Scanner completed successfully!
[13:23:10.536] [Info]  Duration: 1.4949635 seconds
[13:23:10.536] [Info]  Report saved to: health_report.json\health_scan_v4_report.json
[13:23:10.537] [Info]  V4.0 Project Health Scanner ready for production deployment!
[13:28:03.063] [Info]  Agent Exo-Suit V4.0 'PERFECTION' - Project Health Scanner Starting...
[13:28:03.064] [Info]  Validating system requirements...
[13:28:03.100] [Warning]  npm not found in PATH
[13:28:03.107] [Info]  No specific actions specified, running all checks
[13:28:03.108] [Info]  Building comprehensive ownership map...
[13:28:03.110] [Info]  Ownership data saved: health_report.json\ownership.json
[13:28:03.111] [Info]  Found 0 ownership entries
[13:28:03.112] [Info]  Analyzing lock file freshness...
[13:28:03.115] [Info]  Lock file freshness data saved: health_report.json\lock_age.json
[13:28:03.116] [Info]  Analyzed 1 lock files
[13:28:03.117] [Info]  Generating comprehensive SBOMs...
[13:28:03.119] [Info]  Generating Python SBOM...
[13:28:04.326] [Info]  Python SBOM generated with cyclonedx-py
[13:28:04.328] [Info]  SBOM generation complete
[13:28:04.329] [Info]  Generated: 1, Failed: 0
[13:28:04.331] [Info]  V4.0 Project Health Scanner completed successfully!
[13:28:04.332] [Info]  Duration: 1.2220531 seconds
[13:28:04.333] [Info]  Report saved to: health_report.json\health_scan_v4_report.json
[13:28:04.334] [Info]  V4.0 Project Health Scanner ready for production deployment!
[13:53:54.294] [Info]  Agent Exo-Suit V4.0 'PERFECTION' - Project Health Scanner Starting...
[13:53:54.296] [Info]  Validating system requirements...
[13:53:54.359] [Warning]  npm not found in PATH
[13:53:54.373] [Info]  No specific actions specified, running all checks
[13:53:54.375] [Info]  Building comprehensive ownership map...
[13:53:54.378] [Info]  Ownership data saved: health_report.json\ownership.json
[13:53:54.379] [Info]  Found 0 ownership entries
[13:53:54.381] [Info]  Analyzing lock file freshness...
[13:53:54.386] [Info]  Lock file freshness data saved: health_report.json\lock_age.json
[13:53:54.388] [Info]  Analyzed 1 lock files
[13:53:54.390] [Info]  Generating comprehensive SBOMs...
[13:53:54.393] [Info]  Generating Python SBOM...
[13:53:55.893] [Info]  Python SBOM generated with cyclonedx-py
[13:53:55.895] [Info]  SBOM generation complete
[13:53:55.899] [Info]  Generated: 1, Failed: 0
[13:53:55.903] [Info]  V4.0 Project Health Scanner completed successfully!
[13:53:55.905] [Info]  Duration: 1.5262657 seconds
[13:53:55.907] [Info]  Report saved to: health_report.json\health_scan_v4_report.json
[13:53:55.909] [Info]  V4.0 Project Health Scanner ready for production deployment!
