[2025-08-11 15:20:15] [INFO] === RTX 4070 ACCELERATOR V5.0 STARTED ===
[2025-08-11 15:20:15] [INFO] Mode: Status
[2025-08-11 15:20:15] [INFO] Memory Buffer: 6GB
[2025-08-11 15:20:15] [INFO] Batch Size: 32
[2025-08-11 15:20:15] [INFO] Testing RTX 4070 GPU capabilities...
[2025-08-11 15:20:17] [INFO] PyTorch: Available - PyTorch: 2.7.1+cu118
[2025-08-11 15:20:19] [INFO] CUDA: Available - CUDA: 11.8
[2025-08-11 15:20:21] [INFO] GPU: Available - GPU: NVIDIA GeForce RTX 4070 Laptop GPU
[2025-08-11 15:20:23] [INFO] GPU Memory: Available - Memory: 7 GB
[2025-08-11 15:20:24] [INFO] Performance: GPU computation working
[2025-08-11 15:20:24] [INFO] RTX 4070 Status Report:
[2025-08-11 15:20:24] [INFO]   ✅ GPU: True
[2025-08-11 15:20:24] [INFO]   ✅ CUDA: True
[2025-08-11 15:20:24] [INFO]   ✅ Performance: True
[2025-08-11 15:20:24] [INFO]   ✅ PyTorch: True
[2025-08-11 15:20:24] [INFO]   ✅ Memory: True
[2025-08-11 15:20:33] [INFO] === RTX 4070 ACCELERATOR V5.0 STARTED ===
[2025-08-11 15:20:33] [INFO] Mode: Test
[2025-08-11 15:20:33] [INFO] Memory Buffer: 6GB
[2025-08-11 15:20:33] [INFO] Batch Size: 32
[2025-08-11 15:20:33] [INFO] Testing RTX 4070 GPU capabilities...
[2025-08-11 15:20:34] [INFO] PyTorch: Available - PyTorch: 2.7.1+cu118
[2025-08-11 15:20:36] [INFO] CUDA: Available - CUDA: 11.8
[2025-08-11 15:20:38] [INFO] GPU: Available - GPU: NVIDIA GeForce RTX 4070 Laptop GPU
[2025-08-11 15:20:40] [INFO] GPU Memory: Available - Memory: 7 GB
[2025-08-11 15:20:42] [INFO] Performance: GPU computation working
[2025-08-11 15:20:42] [INFO] All GPU capabilities verified - running performance tests...
[2025-08-11 15:20:42] [INFO] Running RTX 4070 performance benchmark...
[2025-08-11 15:20:42] [INFO] Running GPU benchmark...
[2025-08-11 15:20:43] [ERROR] GPU performance benchmark failed: Benchmark failed with exit code: 1
[2025-08-11 15:20:43] [INFO] Testing RTX 4070 memory optimization...
[2025-08-11 15:20:43] [INFO] Running memory optimization test...
[2025-08-11 15:20:45] [INFO] Memory optimization test completed successfully!
[2025-08-11 15:20:45] [INFO] RTX 4070 V5.0 system is fully operational!
[2025-08-11 15:23:33] [INFO] === RTX 4070 ACCELERATOR V5.0 STARTED ===
[2025-08-11 15:23:33] [INFO] Mode: Test
[2025-08-11 15:23:33] [INFO] Memory Buffer: 6GB
[2025-08-11 15:23:33] [INFO] Batch Size: 32
[2025-08-11 15:23:33] [INFO] Testing RTX 4070 GPU capabilities...
[2025-08-11 15:23:34] [INFO] PyTorch: Available - PyTorch: 2.7.1+cu118
[2025-08-11 15:23:36] [INFO] CUDA: Available - CUDA: 11.8
[2025-08-11 15:23:38] [INFO] GPU: Available - GPU: NVIDIA GeForce RTX 4070 Laptop GPU
[2025-08-11 15:23:40] [INFO] GPU Memory: Available - Memory: 7 GB
[2025-08-11 15:23:41] [INFO] Performance: GPU computation working
[2025-08-11 15:23:41] [INFO] All GPU capabilities verified - running performance tests...
[2025-08-11 15:23:41] [INFO] Running RTX 4070 performance benchmark...
[2025-08-11 15:23:41] [INFO] Running GPU benchmark...
[2025-08-11 15:23:48] [INFO] GPU performance benchmark completed successfully!
[2025-08-11 15:23:48] [INFO] Testing RTX 4070 memory optimization...
[2025-08-11 15:23:48] [INFO] Running memory optimization test...
[2025-08-11 15:23:52] [INFO] Memory optimization test completed successfully!
[2025-08-11 15:23:52] [INFO] RTX 4070 V5.0 system is fully operational!
[2025-08-11 15:25:22] [INFO] === RTX 4070 ACCELERATOR V5.0 STARTED ===
[2025-08-11 15:25:22] [INFO] Mode: Status
[2025-08-11 15:25:22] [INFO] Memory Buffer: 6GB
[2025-08-11 15:25:22] [INFO] Batch Size: 32
[2025-08-11 15:25:22] [INFO] Testing RTX 4070 GPU capabilities...
[2025-08-11 15:25:24] [INFO] PyTorch: Available - PyTorch: 2.7.1+cu118
[2025-08-11 15:26:17] [INFO] === RTX 4070 ACCELERATOR V5.0 STARTED ===
[2025-08-11 15:26:17] [INFO] Mode: Status
[2025-08-11 15:26:17] [INFO] Memory Buffer: 8GB
[2025-08-11 15:26:17] [INFO] Batch Size: 32
[2025-08-11 15:26:17] [INFO] Testing RTX 4070 GPU capabilities...
[2025-08-11 15:26:19] [INFO] PyTorch: Available - PyTorch: 2.7.1+cu118
[2025-08-11 15:26:21] [INFO] CUDA: Available - CUDA: 11.8
[2025-08-11 15:26:23] [INFO] GPU: Available - GPU: NVIDIA GeForce RTX 4070 Laptop GPU
[2025-08-11 15:26:25] [INFO] GPU Memory: Available - Memory: 8.0 GB
[2025-08-11 15:26:26] [INFO] Performance: GPU computation working
[2025-08-11 15:26:26] [INFO] RTX 4070 Status Report:
[2025-08-11 15:26:26] [INFO]   ✅ GPU: True
[2025-08-11 15:26:26] [INFO]   ✅ CUDA: True
[2025-08-11 15:26:26] [INFO]   ✅ Performance: True
[2025-08-11 15:26:26] [INFO]   ✅ PyTorch: True
[2025-08-11 15:26:26] [INFO]   ✅ Memory: True
[2025-08-12 20:23:52] [INFO] === RTX 4070 ACCELERATOR V5.0 STARTED ===
[2025-08-12 20:23:52] [INFO] Mode: Test
[2025-08-12 20:23:52] [INFO] Memory Buffer: 8GB
[2025-08-12 20:23:52] [INFO] Batch Size: 32
[2025-08-12 20:23:52] [INFO] Testing RTX 4070 GPU capabilities...
[2025-08-12 20:23:54] [INFO] PyTorch: Available - PyTorch: 2.7.1+cu118
[2025-08-12 20:23:56] [INFO] CUDA: Available - CUDA: 11.8
[2025-08-12 20:23:57] [INFO] GPU: Available - GPU: NVIDIA GeForce RTX 4070 Laptop GPU
[2025-08-12 20:23:59] [INFO] GPU Memory: Available - Memory: 8.0 GB
[2025-08-12 20:24:01] [INFO] Performance: GPU computation working
[2025-08-12 20:24:01] [INFO] All GPU capabilities verified - running performance tests...
[2025-08-12 20:24:01] [INFO] Running RTX 4070 performance benchmark...
[2025-08-12 20:24:01] [INFO] Running GPU benchmark...
[2025-08-12 20:24:06] [INFO] GPU performance benchmark completed successfully!
[2025-08-12 20:24:06] [INFO] Testing RTX 4070 memory optimization...
[2025-08-12 20:24:06] [INFO] Running memory optimization test...
[2025-08-12 20:24:08] [INFO] Memory optimization test completed successfully!
[2025-08-12 20:24:08] [INFO] RTX 4070 V5.0 system is fully operational!
