[13:23:28.374] [Info]  Agent Exo-Suit V4.0 'PERFECTION' - Project Health Scanner Starting...
[13:23:28.387] [Info]  Validating system requirements...
[13:23:28.409] [Error]  Fatal error: Collection was modified; enumeration operation may not execute.
[13:23:28.411] [Error]  Stack trace: at Test-SystemRequirements, C:\My Projects\Agent Exo-Suit\ops\Project-Health-Scanner-V4.ps1: line 86
at <ScriptBlock>, C:\My Projects\Agent Exo-Suit\ops\Project-Health-Scanner-V4.ps1: line 500
[13:41:23.200] [Info]  Agent Exo-Suit V4.0 'PERFECTION' - Project Health Scanner Starting...
[13:41:23.203] [Info]  Validating system requirements...
[13:41:23.244] [Warning]  npm not found in PATH
[13:41:23.246] [Info]  No specific actions specified, running all checks
[13:41:23.256] [Info]  Building comprehensive ownership map...
[13:41:23.263] [Info]  Ownership data saved: restore\ownership.json
[13:41:23.264] [Error]  Fatal error: The property 'Count' cannot be found on this object. Verify that the property exists.
[13:41:23.265] [Error]  Stack trace: at Get-ProjectOwnership, C:\My Projects\Agent Exo-Suit\ops\Project-Health-Scanner-V4.ps1: line 183
at <ScriptBlock>, C:\My Projects\Agent Exo-Suit\ops\Project-Health-Scanner-V4.ps1: line 524
at <ScriptBlock>, <No file>: line 1
[13:41:49.429] [Info]  Agent Exo-Suit V4.0 'PERFECTION' - Project Health Scanner Starting...
[13:41:49.431] [Info]  Validating system requirements...
[13:41:49.471] [Warning]  npm not found in PATH
[13:41:49.472] [Info]  No specific actions specified, running all checks
[13:41:49.474] [Info]  Building comprehensive ownership map...
[13:41:49.475] [Info]  Ownership data saved: restore\ownership.json
[13:41:49.476] [Info]  Found 0 ownership entries
[13:41:49.479] [Info]  Analyzing lock file freshness...
[13:41:49.487] [Info]  Lock file freshness data saved: restore\lock_age.json
[13:41:49.489] [Info]  Analyzed 0 lock files
[13:41:49.493] [Info]  Generating comprehensive SBOMs...
[13:41:49.497] [Info]  Generating Python SBOM...
[13:41:51.341] [Info]  Python SBOM generated with cyclonedx-py
[13:41:51.343] [Error]  Fatal error: The property 'Type' cannot be found on this object. Verify that the property exists.
[13:41:51.344] [Error]  Stack trace: at Generate-EnhancedSBOM, C:\My Projects\Agent Exo-Suit\ops\Project-Health-Scanner-V4.ps1: line 482
at <ScriptBlock>, C:\My Projects\Agent Exo-Suit\ops\Project-Health-Scanner-V4.ps1: line 535
at <ScriptBlock>, <No file>: line 1
[13:42:06.478] [Info]  Agent Exo-Suit V4.0 'PERFECTION' - Project Health Scanner Starting...
[13:42:06.480] [Info]  Validating system requirements...
[13:42:06.526] [Warning]  npm not found in PATH
[13:42:06.527] [Info]  No specific actions specified, running all checks
[13:42:06.529] [Info]  Building comprehensive ownership map...
[13:42:06.530] [Info]  Ownership data saved: restore\ownership.json
[13:42:06.531] [Info]  Found 0 ownership entries
[13:42:06.533] [Info]  Analyzing lock file freshness...
[13:42:06.536] [Info]  Lock file freshness data saved: restore\lock_age.json
[13:42:06.537] [Info]  Analyzed 0 lock files
[13:42:06.540] [Info]  Generating comprehensive SBOMs...
[13:42:06.542] [Info]  Generating Python SBOM...
[13:42:07.963] [Info]  Python SBOM generated with cyclonedx-py
[13:42:07.966] [Info]  SBOM generation complete
[13:42:07.967] [Info]  Generated: 1, Failed: 0
[13:42:07.970] [Info]  V4.0 Project Health Scanner completed successfully!
[13:42:07.971] [Info]  Duration: 1.4405945 seconds
[13:42:07.971] [Info]  Report saved to: restore\health_scan_v4_report.json
[13:42:07.972] [Info]  V4.0 Project Health Scanner ready for production deployment!
[13:43:54.269] [Info]  Agent Exo-Suit V4.0 'PERFECTION' - Project Health Scanner Starting...
[13:43:54.285] [Info]  Validating system requirements...
[13:43:54.341] [Warning]  npm not found in PATH
[13:43:54.346] [Info]  No specific actions specified, running all checks
[13:43:54.353] [Info]  Building comprehensive ownership map...
[13:43:54.360] [Info]  Ownership data saved: restore\ownership.json
[13:43:54.362] [Info]  Found 0 ownership entries
[13:43:54.378] [Info]  Analyzing lock file freshness...
[13:43:54.382] [Info]  Lock file freshness data saved: restore\lock_age.json
[13:43:54.384] [Info]  Analyzed 0 lock files
[13:43:54.391] [Info]  Generating comprehensive SBOMs...
[13:43:54.398] [Info]  Generating Python SBOM...
[13:43:55.946] [Info]  Python SBOM generated with cyclonedx-py
[13:43:55.958] [Info]  SBOM generation complete
[13:43:55.963] [Info]  Generated: 1, Failed: 0
[13:43:55.972] [Info]  V4.0 Project Health Scanner completed successfully!
[13:43:55.974] [Info]  Duration: 1.6165892 seconds
[13:43:55.975] [Info]  Report saved to: restore\health_scan_v4_report.json
[13:43:55.976] [Info]  V4.0 Project Health Scanner ready for production deployment!
[13:49:11.826] [Info]  Agent Exo-Suit V4.0 'PERFECTION' - Project Health Scanner Starting...
[13:49:11.838] [Info]  Validating system requirements...
[13:49:11.886] [Warning]  npm not found in PATH
[13:49:11.889] [Info]  No specific actions specified, running all checks
[13:49:11.894] [Info]  Building comprehensive ownership map...
[13:49:11.899] [Info]  Ownership data saved: restore\ownership.json
[13:49:11.901] [Info]  Found 0 ownership entries
[13:49:11.915] [Info]  Analyzing lock file freshness...
[13:49:11.918] [Info]  Lock file freshness data saved: restore\lock_age.json
[13:49:11.919] [Info]  Analyzed 0 lock files
[13:49:11.925] [Info]  Generating comprehensive SBOMs...
[13:49:11.930] [Info]  Generating Python SBOM...
[13:49:13.343] [Info]  Python SBOM generated with cyclonedx-py
[13:49:13.354] [Info]  SBOM generation complete
[13:49:13.356] [Info]  Generated: 1, Failed: 0
[13:49:13.365] [Info]  V4.0 Project Health Scanner completed successfully!
[13:49:13.366] [Info]  Duration: 1.4683774 seconds
[13:49:13.367] [Info]  Report saved to: restore\health_scan_v4_report.json
[13:49:13.368] [Info]  V4.0 Project Health Scanner ready for production deployment!
[17:15:34.944] [Info]  Agent Exo-Suit V4.0 'PERFECTION' - Project Health Scanner Starting...
[17:15:34.957] [Info]  Validating system requirements...
[17:15:35.000] [Warning]  npm not found in PATH
[17:15:35.007] [Info]  No specific actions specified, running all checks
[17:15:35.013] [Info]  Building comprehensive ownership map...
[17:15:35.018] [Info]  Ownership data saved: restore\ownership.json
[17:15:35.020] [Info]  Found 0 ownership entries
[17:15:35.034] [Info]  Analyzing lock file freshness...
[17:15:35.037] [Info]  Lock file freshness data saved: restore\lock_age.json
[17:15:35.038] [Info]  Analyzed 0 lock files
[17:15:35.044] [Info]  Generating comprehensive SBOMs...
[17:15:35.048] [Info]  Generating Python SBOM...
[17:15:36.398] [Info]  Python SBOM generated with cyclonedx-py
[17:15:36.410] [Info]  SBOM generation complete
[17:15:36.414] [Info]  Generated: 1, Failed: 0
[17:15:36.422] [Info]  V4.0 Project Health Scanner completed successfully!
[17:15:36.424] [Info]  Duration: 1.407367 seconds
[17:15:36.425] [Info]  Report saved to: restore\health_scan_v4_report.json
[17:15:36.426] [Info]  V4.0 Project Health Scanner ready for production deployment!
[17:16:39.892] [Info]  Agent Exo-Suit V4.0 'PERFECTION' - Project Health Scanner Starting...
[17:16:39.904] [Info]  Validating system requirements...
[17:16:39.952] [Warning]  npm not found in PATH
[17:16:39.958] [Info]  No specific actions specified, running all checks
[17:16:39.963] [Info]  Building comprehensive ownership map...
[17:16:39.968] [Info]  Ownership data saved: restore\ownership.json
[17:16:39.971] [Info]  Found 0 ownership entries
[17:16:39.985] [Info]  Analyzing lock file freshness...
[17:16:39.989] [Info]  Lock file freshness data saved: restore\lock_age.json
[17:16:39.990] [Info]  Analyzed 0 lock files
[17:16:39.997] [Info]  Generating comprehensive SBOMs...
[17:16:40.002] [Info]  Generating Python SBOM...
[17:16:41.417] [Info]  Python SBOM generated with cyclonedx-py
[17:16:41.429] [Info]  SBOM generation complete
[17:16:41.433] [Info]  Generated: 1, Failed: 0
[17:16:41.442] [Info]  V4.0 Project Health Scanner completed successfully!
[17:16:41.444] [Info]  Duration: 1.4758135 seconds
[17:16:41.445] [Info]  Report saved to: restore\health_scan_v4_report.json
[17:16:41.446] [Info]  V4.0 Project Health Scanner ready for production deployment!
[17:20:38.002] [Info]  Agent Exo-Suit V4.0 'PERFECTION' - Project Health Scanner Starting...
[17:20:38.015] [Info]  Validating system requirements...
[17:20:38.052] [Warning]  npm not found in PATH
[17:20:38.064] [Info]  No specific actions specified, running all checks
[17:20:38.071] [Info]  Building comprehensive ownership map...
[17:20:38.077] [Info]  Ownership data saved: restore\ownership.json
[17:20:38.078] [Info]  Found 0 ownership entries
[17:20:38.094] [Info]  Analyzing lock file freshness...
[17:20:38.097] [Info]  Lock file freshness data saved: restore\lock_age.json
[17:20:38.098] [Info]  Analyzed 0 lock files
[17:20:38.104] [Info]  Generating comprehensive SBOMs...
[17:20:38.110] [Info]  Generating Python SBOM...
[17:20:39.535] [Info]  Python SBOM generated with cyclonedx-py
[17:20:39.546] [Info]  SBOM generation complete
[17:20:39.549] [Info]  Generated: 1, Failed: 0
[17:20:39.560] [Info]  V4.0 Project Health Scanner completed successfully!
[17:20:39.562] [Info]  Duration: 1.4848979 seconds
[17:20:39.563] [Info]  Report saved to: restore\health_scan_v4_report.json
[17:20:39.564] [Info]  V4.0 Project Health Scanner ready for production deployment!
[17:20:57.415] [Info]  Agent Exo-Suit V4.0 'PERFECTION' - Project Health Scanner Starting...
[17:20:57.426] [Info]  Validating system requirements...
[17:20:57.465] [Warning]  npm not found in PATH
[17:20:57.478] [Info]  No specific actions specified, running all checks
[17:20:57.484] [Info]  Building comprehensive ownership map...
[17:20:57.489] [Info]  Ownership data saved: restore\ownership.json
[17:20:57.491] [Info]  Found 0 ownership entries
[17:20:57.505] [Info]  Analyzing lock file freshness...
[17:20:57.508] [Info]  Lock file freshness data saved: restore\lock_age.json
[17:20:57.509] [Info]  Analyzed 0 lock files
[17:20:57.515] [Info]  Generating comprehensive SBOMs...
[17:20:57.520] [Info]  Generating Python SBOM...
[17:20:58.969] [Info]  Python SBOM generated with cyclonedx-py
[17:20:58.980] [Info]  SBOM generation complete
[17:20:58.983] [Info]  Generated: 1, Failed: 0
[17:20:58.991] [Info]  V4.0 Project Health Scanner completed successfully!
[17:20:58.992] [Info]  Duration: 1.5060166 seconds
[17:20:58.994] [Info]  Report saved to: restore\health_scan_v4_report.json
[17:20:58.995] [Info]  V4.0 Project Health Scanner ready for production deployment!
[17:21:18.066] [Info]  Agent Exo-Suit V4.0 'PERFECTION' - Project Health Scanner Starting...
[17:21:18.080] [Info]  Validating system requirements...
[17:21:18.121] [Warning]  npm not found in PATH
[17:21:18.130] [Info]  No specific actions specified, running all checks
[17:21:18.136] [Info]  Building comprehensive ownership map...
[17:21:18.141] [Info]  Ownership data saved: restore\ownership.json
[17:21:18.143] [Info]  Found 0 ownership entries
[17:21:18.157] [Info]  Analyzing lock file freshness...
[17:21:18.161] [Info]  Lock file freshness data saved: restore\lock_age.json
[17:21:18.162] [Info]  Analyzed 0 lock files
[17:21:18.168] [Info]  Generating comprehensive SBOMs...
[17:21:18.173] [Info]  Generating Python SBOM...
[17:21:19.561] [Info]  Python SBOM generated with cyclonedx-py
[17:21:19.573] [Info]  SBOM generation complete
[17:21:19.575] [Info]  Generated: 1, Failed: 0
[17:21:19.583] [Info]  V4.0 Project Health Scanner completed successfully!
[17:21:19.585] [Info]  Duration: 1.4451371 seconds
[17:21:19.586] [Info]  Report saved to: restore\health_scan_v4_report.json
[17:21:19.587] [Info]  V4.0 Project Health Scanner ready for production deployment!
[17:22:47.958] [Info]  Agent Exo-Suit V4.0 'PERFECTION' - Project Health Scanner Starting...
[17:22:47.971] [Info]  Validating system requirements...
[17:22:48.021] [Warning]  npm not found in PATH
[17:22:48.025] [Info]  No specific actions specified, running all checks
[17:22:48.032] [Info]  Building comprehensive ownership map...
[17:22:48.037] [Info]  Ownership data saved: restore\ownership.json
[17:22:48.039] [Info]  Found 0 ownership entries
[17:22:48.055] [Info]  Analyzing lock file freshness...
[17:22:48.058] [Info]  Lock file freshness data saved: restore\lock_age.json
[17:22:48.059] [Info]  Analyzed 0 lock files
[17:22:48.066] [Info]  Generating comprehensive SBOMs...
[17:22:48.072] [Info]  Generating Python SBOM...
[17:22:49.497] [Info]  Python SBOM generated with cyclonedx-py
[17:22:49.509] [Info]  SBOM generation complete
[17:22:49.512] [Info]  Generated: 1, Failed: 0
[17:22:49.520] [Info]  V4.0 Project Health Scanner completed successfully!
[17:22:49.522] [Info]  Duration: 1.4875625 seconds
[17:22:49.524] [Info]  Report saved to: restore\health_scan_v4_report.json
[17:22:49.525] [Info]  V4.0 Project Health Scanner ready for production deployment!
[17:24:06.948] [Info]  Agent Exo-Suit V4.0 'PERFECTION' - Project Health Scanner Starting...
[17:24:06.961] [Info]  Validating system requirements...
[17:24:07.008] [Warning]  npm not found in PATH
[17:24:07.011] [Info]  No specific actions specified, running all checks
[17:24:07.017] [Info]  Building comprehensive ownership map...
[17:24:07.025] [Info]  Ownership data saved: restore\ownership.json
[17:24:07.027] [Info]  Found 0 ownership entries
[17:24:07.042] [Info]  Analyzing lock file freshness...
[17:24:07.045] [Info]  Lock file freshness data saved: restore\lock_age.json
[17:24:07.046] [Info]  Analyzed 0 lock files
[17:24:07.053] [Info]  Generating comprehensive SBOMs...
[17:24:07.058] [Info]  Generating Python SBOM...
[17:24:08.472] [Info]  Python SBOM generated with cyclonedx-py
[17:24:08.483] [Info]  SBOM generation complete
[17:24:08.486] [Info]  Generated: 1, Failed: 0
[17:24:08.494] [Info]  V4.0 Project Health Scanner completed successfully!
[17:24:08.495] [Info]  Duration: 1.4749178 seconds
[17:24:08.497] [Info]  Report saved to: restore\health_scan_v4_report.json
[17:24:08.497] [Info]  V4.0 Project Health Scanner ready for production deployment!
[17:24:46.281] [Info]  Agent Exo-Suit V4.0 'PERFECTION' - Project Health Scanner Starting...
[17:24:46.298] [Info]  Validating system requirements...
[17:24:46.343] [Warning]  npm not found in PATH
[17:24:46.347] [Info]  No specific actions specified, running all checks
[17:24:46.352] [Info]  Building comprehensive ownership map...
[17:24:46.358] [Info]  Ownership data saved: restore\ownership.json
[17:24:46.360] [Info]  Found 0 ownership entries
[17:24:46.374] [Info]  Analyzing lock file freshness...
[17:24:46.377] [Info]  Lock file freshness data saved: restore\lock_age.json
[17:24:46.378] [Info]  Analyzed 0 lock files
[17:24:46.383] [Info]  Generating comprehensive SBOMs...
[17:24:46.388] [Info]  Generating Python SBOM...
[17:24:47.783] [Info]  Python SBOM generated with cyclonedx-py
[17:24:47.794] [Info]  SBOM generation complete
[17:24:47.797] [Info]  Generated: 1, Failed: 0
[17:24:47.806] [Info]  V4.0 Project Health Scanner completed successfully!
[17:24:47.808] [Info]  Duration: 1.4510551 seconds
[17:24:47.809] [Info]  Report saved to: restore\health_scan_v4_report.json
[17:24:47.810] [Info]  V4.0 Project Health Scanner ready for production deployment!
[18:01:29.467] [Info]  Agent Exo-Suit V4.0 'PERFECTION' - Project Health Scanner Starting...
[18:01:29.487] [Info]  Validating system requirements...
[18:01:29.541] [Warning]  npm not found in PATH
[18:01:29.568] [Info]  No specific actions specified, running all checks
[18:01:29.578] [Info]  Building comprehensive ownership map...
[18:01:29.586] [Info]  Ownership data saved: restore\ownership.json
[18:01:29.589] [Info]  Found 0 ownership entries
[18:01:29.609] [Info]  Analyzing lock file freshness...
[18:01:29.614] [Info]  Lock file freshness data saved: restore\lock_age.json
[18:01:29.616] [Info]  Analyzed 0 lock files
[18:01:29.625] [Info]  Generating comprehensive SBOMs...
[18:01:29.631] [Info]  Generating Python SBOM...
[18:01:31.680] [Info]  Python SBOM generated with cyclonedx-py
[18:01:31.703] [Info]  SBOM generation complete
[18:01:31.709] [Info]  Generated: 1, Failed: 0
[18:01:31.761] [Info]  V4.0 Project Health Scanner completed successfully!
[18:01:31.766] [Info]  Duration: 2.145217 seconds
[18:01:31.774] [Info]  Report saved to: restore\health_scan_v4_report.json
[18:01:31.777] [Info]  V4.0 Project Health Scanner ready for production deployment!
[18:05:13.388] [Info]  Agent Exo-Suit V4.0 'PERFECTION' - Project Health Scanner Starting...
[18:05:13.404] [Info]  Validating system requirements...
[18:05:13.453] [Warning]  npm not found in PATH
[18:05:13.457] [Info]  No specific actions specified, running all checks
[18:05:13.463] [Info]  Building comprehensive ownership map...
[18:05:13.468] [Info]  Ownership data saved: restore\ownership.json
[18:05:13.470] [Info]  Found 0 ownership entries
[18:05:13.486] [Info]  Analyzing lock file freshness...
[18:05:13.489] [Info]  Lock file freshness data saved: restore\lock_age.json
[18:05:13.490] [Info]  Analyzed 0 lock files
[18:05:13.496] [Info]  Generating comprehensive SBOMs...
[18:05:13.501] [Info]  Generating Python SBOM...
[18:05:15.065] [Info]  Python SBOM generated with cyclonedx-py
[18:05:15.079] [Info]  SBOM generation complete
[18:05:15.082] [Info]  Generated: 1, Failed: 0
[18:05:15.094] [Info]  V4.0 Project Health Scanner completed successfully!
[18:05:15.095] [Info]  Duration: 1.6255243 seconds
[18:05:15.097] [Info]  Report saved to: restore\health_scan_v4_report.json
[18:05:15.098] [Info]  V4.0 Project Health Scanner ready for production deployment!
[18:09:20.000] [Info]  Agent Exo-Suit V4.0 'PERFECTION' - Project Health Scanner Starting...
[18:09:20.016] [Info]  Validating system requirements...
[18:09:20.068] [Warning]  npm not found in PATH
[18:09:20.071] [Info]  No specific actions specified, running all checks
[18:09:20.078] [Info]  Building comprehensive ownership map...
[18:09:20.083] [Info]  Ownership data saved: restore\ownership.json
[18:09:20.085] [Info]  Found 0 ownership entries
[18:09:20.100] [Info]  Analyzing lock file freshness...
[18:09:20.103] [Info]  Lock file freshness data saved: restore\lock_age.json
[18:09:20.104] [Info]  Analyzed 0 lock files
[18:09:20.110] [Info]  Generating comprehensive SBOMs...
[18:09:20.115] [Info]  Generating Python SBOM...
[18:09:21.560] [Info]  Python SBOM generated with cyclonedx-py
[18:09:21.574] [Info]  SBOM generation complete
[18:09:21.577] [Info]  Generated: 1, Failed: 0
[18:09:21.589] [Info]  V4.0 Project Health Scanner completed successfully!
[18:09:21.592] [Info]  Duration: 1.5061436 seconds
[18:09:21.593] [Info]  Report saved to: restore\health_scan_v4_report.json
[18:09:21.594] [Info]  V4.0 Project Health Scanner ready for production deployment!
[18:12:49.954] [Info]  Agent Exo-Suit V4.0 'PERFECTION' - Project Health Scanner Starting...
[18:12:49.969] [Info]  Validating system requirements...
[18:12:50.019] [Warning]  npm not found in PATH
[18:12:50.023] [Info]  No specific actions specified, running all checks
[18:12:50.028] [Info]  Building comprehensive ownership map...
[18:12:50.035] [Info]  Ownership data saved: restore\ownership.json
[18:12:50.036] [Info]  Found 0 ownership entries
[18:12:50.051] [Info]  Analyzing lock file freshness...
[18:12:50.055] [Info]  Lock file freshness data saved: restore\lock_age.json
[18:12:50.056] [Info]  Analyzed 0 lock files
[18:12:50.061] [Info]  Generating comprehensive SBOMs...
[18:12:50.067] [Info]  Generating Python SBOM...
[18:12:51.536] [Info]  Python SBOM generated with cyclonedx-py
[18:12:51.549] [Info]  SBOM generation complete
[18:12:51.552] [Info]  Generated: 1, Failed: 0
[18:12:51.565] [Info]  V4.0 Project Health Scanner completed successfully!
[18:12:51.567] [Info]  Duration: 1.5299701 seconds
[18:12:51.568] [Info]  Report saved to: restore\health_scan_v4_report.json
[18:12:51.569] [Info]  V4.0 Project Health Scanner ready for production deployment!
[18:16:58.141] [Info]  Agent Exo-Suit V4.0 'PERFECTION' - Project Health Scanner Starting...
[18:16:58.153] [Info]  Validating system requirements...
[18:16:58.201] [Warning]  npm not found in PATH
[18:16:58.204] [Info]  No specific actions specified, running all checks
[18:16:58.209] [Info]  Building comprehensive ownership map...
[18:16:58.214] [Info]  Ownership data saved: restore\ownership.json
[18:16:58.216] [Info]  Found 0 ownership entries
[18:16:58.229] [Info]  Analyzing lock file freshness...
[18:16:58.233] [Info]  Lock file freshness data saved: restore\lock_age.json
[18:16:58.234] [Info]  Analyzed 0 lock files
[18:16:58.240] [Info]  Generating comprehensive SBOMs...
[18:16:58.244] [Info]  Generating Python SBOM...
[18:16:59.616] [Info]  Python SBOM generated with cyclonedx-py
[18:16:59.627] [Info]  SBOM generation complete
[18:16:59.630] [Info]  Generated: 1, Failed: 0
[18:16:59.638] [Info]  V4.0 Project Health Scanner completed successfully!
[18:16:59.639] [Info]  Duration: 1.4271253 seconds
[18:16:59.641] [Info]  Report saved to: restore\health_scan_v4_report.json
[18:16:59.642] [Info]  V4.0 Project Health Scanner ready for production deployment!
[20:33:40.575] [Info]  Agent Exo-Suit V4.0 'PERFECTION' - Project Health Scanner Starting...
[20:33:40.580] [Info]  Validating system requirements...
[20:33:40.633] [Warning]  npm not found in PATH
[20:33:40.662] [Info]  No specific actions specified, running all checks
[20:33:40.684] [Info]  Building comprehensive ownership map...
[20:33:40.705] [Info]  Ownership data saved: restore\ownership.json
[20:33:40.728] [Info]  Found 0 ownership entries
[20:33:40.752] [Info]  Analyzing lock file freshness...
[20:33:40.772] [Info]  Lock file freshness data saved: restore\lock_age.json
[20:33:40.791] [Info]  Analyzed 0 lock files
[20:33:40.814] [Info]  Generating comprehensive SBOMs...
[20:33:40.839] [Info]  SBOM generation complete
[20:33:40.859] [Info]  Generated: 0, Failed: 0
[20:33:40.880] [Info]  V4.0 Project Health Scanner completed successfully!
[20:33:40.898] [Info]  Duration: 0.1969031 seconds
[20:33:40.915] [Info]  Report saved to: restore\health_scan_v4_report.json
[20:33:40.929] [Info]  V4.0 Project Health Scanner ready for production deployment!
[07:31:40.578] [Info]  Agent Exo-Suit V4.0 'PERFECTION' - Project Health Scanner Starting...
[07:31:40.584] [Info]  Validating system requirements...
[07:31:40.614] [Warning]  npm not found in PATH
[07:31:40.624] [Info]  No specific actions specified, running all checks
[07:31:40.633] [Info]  Building comprehensive ownership map...
[07:31:40.636] [Info]  Ownership data saved: restore\ownership.json
[07:31:40.637] [Info]  Found 0 ownership entries
[07:31:40.640] [Info]  Analyzing lock file freshness...
[07:31:40.645] [Info]  Lock file freshness data saved: restore\lock_age.json
[07:31:40.646] [Info]  Analyzed 1 lock files
[07:31:40.650] [Info]  Generating comprehensive SBOMs...
[07:31:40.652] [Info]  Generating Python SBOM...
[07:31:54.962] [Info]  Python SBOM generated with cyclonedx-py
[07:31:54.967] [Info]  SBOM generation complete
[07:31:54.969] [Info]  Generated: 1, Failed: 0
[07:31:54.971] [Info]  V4.0 Project Health Scanner completed successfully!
[07:31:54.972] [Info]  Duration: 14.34447 seconds
[07:31:54.973] [Info]  Report saved to: restore\health_scan_v4_report.json
[07:31:54.973] [Info]  V4.0 Project Health Scanner ready for production deployment!
[07:40:30.084] [Info]  Agent Exo-Suit V4.0 'PERFECTION' - Project Health Scanner Starting...
[07:40:30.086] [Info]  Validating system requirements...
[07:40:30.115] [Warning]  npm not found in PATH
[07:40:30.121] [Info]  No specific actions specified, running all checks
[07:40:30.122] [Info]  Building comprehensive ownership map...
[07:40:30.124] [Info]  Ownership data saved: restore\ownership.json
[07:40:30.125] [Info]  Found 0 ownership entries
[07:40:30.126] [Info]  Analyzing lock file freshness...
[07:40:30.128] [Info]  Lock file freshness data saved: restore\lock_age.json
[07:40:30.129] [Info]  Analyzed 1 lock files
[07:40:30.130] [Info]  Generating comprehensive SBOMs...
[07:40:30.132] [Info]  Generating Python SBOM...
[07:40:31.470] [Info]  Python SBOM generated with cyclonedx-py
[07:40:31.471] [Info]  SBOM generation complete
[07:40:31.472] [Info]  Generated: 1, Failed: 0
[07:40:31.474] [Info]  V4.0 Project Health Scanner completed successfully!
[07:40:31.474] [Info]  Duration: 1.3510145 seconds
[07:40:31.475] [Info]  Report saved to: restore\health_scan_v4_report.json
[07:40:31.476] [Info]  V4.0 Project Health Scanner ready for production deployment!
[07:42:57.386] [Info]  Agent Exo-Suit V4.0 'PERFECTION' - Project Health Scanner Starting...
[07:42:57.393] [Info]  Validating system requirements...
[07:42:57.429] [Warning]  npm not found in PATH
[07:42:57.440] [Info]  No specific actions specified, running all checks
[07:42:57.445] [Info]  Building comprehensive ownership map...
[07:42:57.454] [Info]  Ownership data saved: restore\ownership.json
[07:42:57.456] [Info]  Found 0 ownership entries
[07:42:57.460] [Info]  Analyzing lock file freshness...
[07:42:57.471] [Info]  Lock file freshness data saved: restore\lock_age.json
[07:42:57.472] [Info]  Analyzed 1 lock files
[07:42:57.477] [Info]  Generating comprehensive SBOMs...
[07:42:57.479] [Info]  Generating Python SBOM...
[07:42:58.845] [Info]  Python SBOM generated with cyclonedx-py
[07:42:58.850] [Info]  SBOM generation complete
[07:42:58.852] [Info]  Generated: 1, Failed: 0
[07:42:58.856] [Info]  V4.0 Project Health Scanner completed successfully!
[07:42:58.856] [Info]  Duration: 1.4125035 seconds
[07:42:58.857] [Info]  Report saved to: restore\health_scan_v4_report.json
[07:42:58.858] [Info]  V4.0 Project Health Scanner ready for production deployment!
[07:44:36.452] [Info]  Agent Exo-Suit V4.0 'PERFECTION' - Project Health Scanner Starting...
[07:44:36.453] [Info]  Validating system requirements...
[07:44:36.484] [Warning]  npm not found in PATH
[07:44:36.490] [Info]  No specific actions specified, running all checks
[07:44:36.491] [Info]  Building comprehensive ownership map...
[07:44:36.493] [Info]  Ownership data saved: .\restore\ownership.json
[07:44:36.494] [Info]  Found 0 ownership entries
[07:44:36.495] [Info]  Analyzing lock file freshness...
[07:44:36.499] [Info]  Lock file freshness data saved: .\restore\lock_age.json
[07:44:36.500] [Info]  Analyzed 1 lock files
[07:44:36.501] [Info]  Generating comprehensive SBOMs...
[07:44:36.502] [Info]  Generating Python SBOM...
[07:44:37.930] [Info]  Python SBOM generated with cyclonedx-py
[07:44:37.931] [Info]  SBOM generation complete
[07:44:37.932] [Info]  Generated: 1, Failed: 0
[07:44:37.933] [Info]  V4.0 Project Health Scanner completed successfully!
[07:44:37.934] [Info]  Duration: 1.4415057 seconds
[07:44:37.934] [Info]  Report saved to: .\restore\health_scan_v4_report.json
[07:44:37.935] [Info]  V4.0 Project Health Scanner ready for production deployment!
[08:05:23.176] [Info]  Agent Exo-Suit V4.0 'PERFECTION' - Project Health Scanner Starting...
[08:05:23.178] [Info]  Validating system requirements...
[08:05:23.209] [Warning]  npm not found in PATH
[08:05:23.218] [Info]  No specific actions specified, running all checks
[08:05:23.220] [Info]  Building comprehensive ownership map...
[08:05:23.222] [Info]  Ownership data saved: .\restore\ownership.json
[08:05:23.223] [Info]  Found 0 ownership entries
[08:05:23.224] [Info]  Analyzing lock file freshness...
[08:05:23.227] [Info]  Lock file freshness data saved: .\restore\lock_age.json
[08:05:23.228] [Info]  Analyzed 1 lock files
[08:05:23.233] [Info]  Generating comprehensive SBOMs...
[08:05:23.235] [Info]  Generating Python SBOM...
[08:05:24.674] [Info]  Python SBOM generated with cyclonedx-py
[08:05:24.675] [Info]  SBOM generation complete
[08:05:24.676] [Info]  Generated: 1, Failed: 0
[08:05:24.677] [Info]  V4.0 Project Health Scanner completed successfully!
[08:05:24.678] [Info]  Duration: 1.4577094 seconds
[08:05:24.678] [Info]  Report saved to: .\restore\health_scan_v4_report.json
[08:05:24.679] [Info]  V4.0 Project Health Scanner ready for production deployment!
[08:10:17.849] [Info]  Agent Exo-Suit V4.0 'PERFECTION' - Project Health Scanner Starting...
[08:10:17.851] [Info]  Validating system requirements...
[08:10:17.886] [Warning]  npm not found in PATH
[08:10:17.893] [Info]  No specific actions specified, running all checks
[08:10:17.894] [Info]  Building comprehensive ownership map...
[08:10:17.896] [Info]  Ownership data saved: restore\ownership.json
[08:10:17.898] [Info]  Found 0 ownership entries
[08:10:17.898] [Info]  Analyzing lock file freshness...
[08:10:17.902] [Info]  Lock file freshness data saved: restore\lock_age.json
[08:10:17.903] [Info]  Analyzed 1 lock files
[08:10:17.904] [Info]  Generating comprehensive SBOMs...
[08:10:17.905] [Info]  Generating Python SBOM...
[08:10:19.269] [Info]  Python SBOM generated with cyclonedx-py
[08:10:19.270] [Info]  SBOM generation complete
[08:10:19.271] [Info]  Generated: 1, Failed: 0
[08:10:19.272] [Info]  V4.0 Project Health Scanner completed successfully!
[08:10:19.273] [Info]  Duration: 1.3784906 seconds
[08:10:19.273] [Info]  Report saved to: restore\health_scan_v4_report.json
[08:10:19.274] [Info]  V4.0 Project Health Scanner ready for production deployment!
[13:17:43.308] [Info]  Agent Exo-Suit V4.0 'PERFECTION' - Project Health Scanner Starting...
[13:17:43.310] [Info]  Validating system requirements...
[13:17:43.342] [Warning]  npm not found in PATH
[13:17:43.348] [Info]  No specific actions specified, running all checks
[13:17:43.350] [Info]  Building comprehensive ownership map...
[13:17:43.353] [Info]  Ownership data saved: restore\ownership.json
[13:17:43.354] [Info]  Found 0 ownership entries
[13:17:43.355] [Info]  Analyzing lock file freshness...
[13:17:43.359] [Info]  Lock file freshness data saved: restore\lock_age.json
[13:17:43.360] [Info]  Analyzed 1 lock files
[13:17:43.361] [Info]  Generating comprehensive SBOMs...
[13:17:43.363] [Info]  Generating Python SBOM...
[13:17:49.351] [Info]  Python SBOM generated with cyclonedx-py
[13:17:49.353] [Info]  SBOM generation complete
[13:17:49.354] [Info]  Generated: 1, Failed: 0
[13:17:49.355] [Info]  V4.0 Project Health Scanner completed successfully!
[13:17:49.356] [Info]  Duration: 6.0058942 seconds
[13:17:49.359] [Info]  Report saved to: restore\health_scan_v4_report.json
[13:17:49.360] [Info]  V4.0 Project Health Scanner ready for production deployment!
[13:27:59.566] [Info]  Agent Exo-Suit V4.0 'PERFECTION' - Project Health Scanner Starting...
[13:27:59.567] [Info]  Validating system requirements...
[13:27:59.598] [Warning]  npm not found in PATH
[13:27:59.604] [Info]  No specific actions specified, running all checks
[13:27:59.606] [Info]  Building comprehensive ownership map...
[13:27:59.609] [Info]  Ownership data saved: restore\ownership.json
[13:27:59.610] [Info]  Found 0 ownership entries
[13:27:59.612] [Info]  Analyzing lock file freshness...
[13:27:59.615] [Info]  Lock file freshness data saved: restore\lock_age.json
[13:27:59.616] [Info]  Analyzed 1 lock files
[13:27:59.617] [Info]  Generating comprehensive SBOMs...
[13:27:59.619] [Info]  Generating Python SBOM...
[13:28:00.856] [Info]  Python SBOM generated with cyclonedx-py
[13:28:00.858] [Info]  SBOM generation complete
[13:28:00.859] [Info]  Generated: 1, Failed: 0
[13:28:00.860] [Info]  V4.0 Project Health Scanner completed successfully!
[13:28:00.861] [Info]  Duration: 1.2543285 seconds
[13:28:00.862] [Info]  Report saved to: restore\health_scan_v4_report.json
[13:28:00.863] [Info]  V4.0 Project Health Scanner ready for production deployment!
[13:53:49.678] [Info]  Agent Exo-Suit V4.0 'PERFECTION' - Project Health Scanner Starting...
[13:53:49.681] [Info]  Validating system requirements...
[13:53:49.758] [Warning]  npm not found in PATH
[13:53:49.776] [Info]  No specific actions specified, running all checks
[13:53:49.779] [Info]  Building comprehensive ownership map...
[13:53:49.792] [Info]  Ownership data saved: restore\ownership.json
[13:53:49.795] [Info]  Found 0 ownership entries
[13:53:49.796] [Info]  Analyzing lock file freshness...
[13:53:49.799] [Info]  Lock file freshness data saved: restore\lock_age.json
[13:53:49.802] [Info]  Analyzed 1 lock files
[13:53:49.804] [Info]  Generating comprehensive SBOMs...
[13:53:49.808] [Info]  Generating Python SBOM...
[13:53:51.703] [Info]  Python SBOM generated with cyclonedx-py
[13:53:51.705] [Info]  SBOM generation complete
[13:53:51.708] [Info]  Generated: 1, Failed: 0
[13:53:51.711] [Info]  V4.0 Project Health Scanner completed successfully!
[13:53:51.713] [Info]  Duration: 1.9310133 seconds
[13:53:51.714] [Info]  Report saved to: restore\health_scan_v4_report.json
[13:53:51.716] [Info]  V4.0 Project Health Scanner ready for production deployment!
[20:23:33.475] [Info]  Agent Exo-Suit V4.0 'PERFECTION' - Project Health Scanner Starting...
[20:23:33.485] [Info]  Validating system requirements...
[20:23:33.492] [Verbose]  cargo found: C:\Users\screw\.cargo\bin\cargo.exe
[20:23:33.493] [Verbose]  python found: C:\Program Files\Python313\python.exe
[20:23:33.496] [Verbose]  git found: C:\Program Files\Git\cmd\git.exe
[20:23:33.526] [Warning]  npm not found in PATH
[20:23:33.527] [Verbose]  pip found: C:\Program Files\Python313\Scripts\pip.exe
[20:23:33.533] [Info]  Generating comprehensive SBOMs...
[20:23:33.883] [Info]  Generating Python SBOM...
[20:23:33.884] [Verbose]  Trying cyclonedx-py...
[20:23:35.461] [Info]  Python SBOM generated with cyclonedx-py
[20:23:35.471] [Info]  SBOM generation complete
[20:23:35.473] [Info]  Generated: 1, Failed: 0
[20:23:35.475] [Info]  V4.0 Project Health Scanner completed successfully!
[20:23:35.476] [Info]  Duration: 1.9450721 seconds
[20:23:35.477] [Info]  Report saved to: .\restore\health_scan_v4_report.json
[20:23:35.477] [Info]  V4.0 Project Health Scanner ready for production deployment!
[20:26:22.395] [Info]  Agent Exo-Suit V4.0 'PERFECTION' - Project Health Scanner Starting...
[20:26:22.397] [Info]  Validating system requirements...
[20:26:22.401] [Verbose]  cargo found: C:\Users\screw\.cargo\bin\cargo.exe
[20:26:22.415] [Verbose]  python found: C:\Program Files\Python313\python.exe
[20:26:22.418] [Verbose]  git found: C:\Program Files\Git\cmd\git.exe
[20:26:22.447] [Warning]  npm not found in PATH
[20:26:22.448] [Verbose]  pip found: C:\Program Files\Python313\Scripts\pip.exe
[20:26:22.452] [Info]  Building comprehensive ownership map...
[20:26:22.455] [Info]  Ownership data saved: .\restore\ownership.json
[20:26:22.456] [Info]  Found 0 ownership entries
[20:26:22.458] [Info]  Analyzing lock file freshness...
[20:26:22.460] [Info]  Lock file freshness data saved: .\restore\lock_age.json
[20:26:22.461] [Info]  Analyzed 0 lock files
[20:26:22.462] [Info]  Generating comprehensive SBOMs...
[20:26:22.804] [Info]  Generating Python SBOM...
[20:26:22.805] [Verbose]  Trying cyclonedx-py...
[20:26:24.227] [Info]  Python SBOM generated with cyclonedx-py
[20:26:24.228] [Info]  SBOM generation complete
[20:26:24.229] [Info]  Generated: 1, Failed: 0
[20:26:24.230] [Info]  V4.0 Project Health Scanner completed successfully!
[20:26:24.231] [Info]  Duration: 1.7801389 seconds
[20:26:24.231] [Info]  Report saved to: .\restore\health_scan_v4_report.json
[20:26:24.232] [Info]  V4.0 Project Health Scanner ready for production deployment!
